0 info it worked if it ends with ok
1 verbose cli [ 'C:\\Program Files\\nodejs\\\\node.exe',
1 verbose cli   'C:\\Program Files\\nodejs\\node_modules\\npm\\bin\\npm-cli.js',
1 verbose cli   'install',
1 verbose cli   'angular-route',
1 verbose cli   '--save' ]
2 info using npm@1.3.21
3 info using node@v0.10.24
4 verbose node symlink C:\Program Files\nodejs\\node.exe
5 verbose readDependencies using package.json deps
6 verbose cache add [ 'angular-route', null ]
7 verbose cache add name=undefined spec="angular-route" args=["angular-route",null]
8 verbose parsed url { protocol: null,
8 verbose parsed url   slashes: null,
8 verbose parsed url   auth: null,
8 verbose parsed url   host: null,
8 verbose parsed url   port: null,
8 verbose parsed url   hostname: null,
8 verbose parsed url   hash: null,
8 verbose parsed url   search: null,
8 verbose parsed url   query: null,
8 verbose parsed url   pathname: 'angular-route',
8 verbose parsed url   path: 'angular-route',
8 verbose parsed url   href: 'angular-route' }
9 silly lockFile 54a09c02-angular-route angular-route
10 verbose lock angular-route C:\Users\hbabu\AppData\Roaming\npm-cache\54a09c02-angular-route.lock
11 silly lockFile 54a09c02-angular-route angular-route
12 silly lockFile 54a09c02-angular-route angular-route
13 verbose addNamed [ 'angular-route', '' ]
14 verbose addNamed [ null, '*' ]
15 silly lockFile 44e54571-angular-route angular-route@
16 verbose lock angular-route@ C:\Users\hbabu\AppData\Roaming\npm-cache\44e54571-angular-route.lock
17 silly addNameRange { name: 'angular-route', range: '*', hasData: false }
18 verbose url raw angular-route
19 verbose url resolving [ 'https://registry.npmjs.org/', './angular-route' ]
20 verbose url resolved https://registry.npmjs.org/angular-route
21 info trying registry request attempt 1 at 17:33:11
22 http GET https://registry.npmjs.org/angular-route
23 http 404 https://registry.npmjs.org/angular-route
24 silly registry.get cb [ 404,
24 silly registry.get   { date: 'Fri, 07 Mar 2014 17:33:11 GMT',
24 silly registry.get     server: 'CouchDB/1.5.0 (Erlang OTP/R16B)',
24 silly registry.get     'content-type': 'application/json',
24 silly registry.get     via: '1.1 varnish',
24 silly registry.get     'cache-control': 'max-age=0',
24 silly registry.get     'content-length': '52',
24 silly registry.get     'accept-ranges': 'bytes',
24 silly registry.get     age: '0',
24 silly registry.get     'x-served-by': 'cache-v41-ASH, cache-lcy1131-LCY',
24 silly registry.get     'x-cache': 'MISS, MISS',
24 silly registry.get     'x-cache-hits': '0, 0',
24 silly registry.get     'x-timer': 'S1394213591.176496983,VS0,VS-194,VE-169,VE111',
24 silly registry.get     'keep-alive': 'timeout=10, max=50',
24 silly registry.get     connection: 'Keep-Alive' } ]
25 silly lockFile 44e54571-angular-route angular-route@
26 silly lockFile 44e54571-angular-route angular-route@
27 error 404 'angular-route' is not in the npm registry.
27 error 404 You should bug the author to publish it
27 error 404
27 error 404 Note that you can also install from a
27 error 404 tarball, folder, or http url, or git url.
28 error System Windows_NT 6.1.7601
29 error command "C:\\Program Files\\nodejs\\\\node.exe" "C:\\Program Files\\nodejs\\node_modules\\npm\\bin\\npm-cli.js" "install" "angular-route" "--save"
30 error cwd D:\dev\company\hinduassoc
31 error node -v v0.10.24
32 error npm -v 1.3.21
33 error code E404
34 verbose exit [ 1, true ]
